2018-12-27 16:23:33 [scrapy.middleware] INFO: Enabled extensions:
['scrapy.extensions.feedexport.FeedExporter',
 'scrapy.extensions.memusage.MemoryUsage',
 'scrapy.extensions.logstats.LogStats',
 'scrapy.extensions.telnet.TelnetConsole',
 'scrapy.extensions.corestats.CoreStats']
2018-12-27 16:23:33 [scrapy.middleware] INFO: Enabled downloader middlewares:
['scrapy.downloadermiddlewares.robotstxt.RobotsTxtMiddleware',
 'scrapy.downloadermiddlewares.httpauth.HttpAuthMiddleware',
 'scrapy.downloadermiddlewares.downloadtimeout.DownloadTimeoutMiddleware',
 'scrapy.downloadermiddlewares.defaultheaders.DefaultHeadersMiddleware',
 'scrapy.downloadermiddlewares.useragent.UserAgentMiddleware',
 'scrapy.downloadermiddlewares.retry.RetryMiddleware',
 'scrapy.downloadermiddlewares.redirect.MetaRefreshMiddleware',
 'scrapy.downloadermiddlewares.httpcompression.HttpCompressionMiddleware',
 'scrapy.downloadermiddlewares.redirect.RedirectMiddleware',
 'scrapy.downloadermiddlewares.cookies.CookiesMiddleware',
 'scrapy.downloadermiddlewares.httpproxy.HttpProxyMiddleware',
 'scrapy.downloadermiddlewares.stats.DownloaderStats']
2018-12-27 16:23:33 [scrapy.middleware] INFO: Enabled spider middlewares:
['scrapy.spidermiddlewares.httperror.HttpErrorMiddleware',
 'scrapy.spidermiddlewares.offsite.OffsiteMiddleware',
 'scrapy.spidermiddlewares.referer.RefererMiddleware',
 'scrapy.spidermiddlewares.urllength.UrlLengthMiddleware',
 'scrapy.spidermiddlewares.depth.DepthMiddleware']
2018-12-27 16:23:33 [scrapy.middleware] INFO: Enabled item pipelines:
[]
2018-12-27 16:23:33 [scrapy.core.engine] INFO: Spider opened
2018-12-27 16:23:33 [scrapy.extensions.logstats] INFO: Crawled 0 pages (at 0 pages/min), scraped 0 items (at 0 items/min)
2018-12-27 16:23:33 [scrapy.extensions.telnet] DEBUG: Telnet console listening on 127.0.0.1:6031
2018-12-27 16:23:33 [scrapy.core.engine] DEBUG: Crawled (404) <GET http://quotes.toscrape.com/robots.txt> (referer: None)
2018-12-27 16:23:37 [scrapy.core.engine] DEBUG: Crawled (200) <GET http://quotes.toscrape.com/> (referer: None)
2018-12-27 16:23:37 [scrapy.core.scraper] DEBUG: Scraped from <200 http://quotes.toscrape.com/>
{'author': u'Albert Einstein',
 'tags': [u'change', u'deep-thoughts', u'thinking', u'world'],
 'text': u'\u201cThe world as we have created it is a process of our thinking. It cannot be changed without changing our thinking.\u201d'}
2018-12-27 16:23:37 [scrapy.core.scraper] DEBUG: Scraped from <200 http://quotes.toscrape.com/>
{'author': u'J.K. Rowling',
 'tags': [u'abilities', u'choices'],
 'text': u'\u201cIt is our choices, Harry, that show what we truly are, far more than our abilities.\u201d'}
2018-12-27 16:23:37 [scrapy.core.scraper] DEBUG: Scraped from <200 http://quotes.toscrape.com/>
{'author': u'Albert Einstein',
 'tags': [u'inspirational', u'life', u'live', u'miracle', u'miracles'],
 'text': u'\u201cThere are only two ways to live your life. One is as though nothing is a miracle. The other is as though everything is a miracle.\u201d'}
2018-12-27 16:23:37 [scrapy.core.scraper] DEBUG: Scraped from <200 http://quotes.toscrape.com/>
{'author': u'Jane Austen',
 'tags': [u'aliteracy', u'books', u'classic', u'humor'],
 'text': u'\u201cThe person, be it gentleman or lady, who has not pleasure in a good novel, must be intolerably stupid.\u201d'}
2018-12-27 16:23:37 [scrapy.core.scraper] DEBUG: Scraped from <200 http://quotes.toscrape.com/>
{'author': u'Marilyn Monroe',
 'tags': [u'be-yourself', u'inspirational'],
 'text': u"\u201cImperfection is beauty, madness is genius and it's better to be absolutely ridiculous than absolutely boring.\u201d"}
2018-12-27 16:23:37 [scrapy.core.scraper] DEBUG: Scraped from <200 http://quotes.toscrape.com/>
{'author': u'Albert Einstein',
 'tags': [u'adulthood', u'success', u'value'],
 'text': u'\u201cTry not to become a man of success. Rather become a man of value.\u201d'}
2018-12-27 16:23:37 [scrapy.core.scraper] DEBUG: Scraped from <200 http://quotes.toscrape.com/>
{'author': u'Andr\xe9 Gide',
 'tags': [u'life', u'love'],
 'text': u'\u201cIt is better to be hated for what you are than to be loved for what you are not.\u201d'}
2018-12-27 16:23:37 [scrapy.core.scraper] DEBUG: Scraped from <200 http://quotes.toscrape.com/>
{'author': u'Thomas A. Edison',
 'tags': [u'edison', u'failure', u'inspirational', u'paraphrased'],
 'text': u"\u201cI have not failed. I've just found 10,000 ways that won't work.\u201d"}
2018-12-27 16:23:37 [scrapy.core.scraper] DEBUG: Scraped from <200 http://quotes.toscrape.com/>
{'author': u'Eleanor Roosevelt',
 'tags': [u'misattributed-eleanor-roosevelt'],
 'text': u"\u201cA woman is like a tea bag; you never know how strong it is until it's in hot water.\u201d"}
2018-12-27 16:23:37 [scrapy.core.scraper] DEBUG: Scraped from <200 http://quotes.toscrape.com/>
{'author': u'Steve Martin',
 'tags': [u'humor', u'obvious', u'simile'],
 'text': u'\u201cA day without sunshine is like, you know, night.\u201d'}
2018-12-27 16:23:41 [scrapy.core.engine] DEBUG: Crawled (200) <GET http://quotes.toscrape.com/page/2/> (referer: http://quotes.toscrape.com/)
2018-12-27 16:23:41 [scrapy.core.scraper] DEBUG: Scraped from <200 http://quotes.toscrape.com/page/2/>
{'author': u'Marilyn Monroe',
 'tags': [u'friends',
          u'heartbreak',
          u'inspirational',
          u'life',
          u'love',
          u'sisters'],
 'text': u"\u201cThis life is what you make it. No matter what, you're going to mess up sometimes, it's a universal truth. But the good part is you get to decide how you're going to mess it up. Girls will be your friends - they'll act like it anyway. But just remember, some come, some go. The ones that stay with you through everything - they're your true best friends. Don't let go of them. Also remember, sisters make the best friends in the world. As for lovers, well, they'll come and go too. And baby, I hate to say it, most of them - actually pretty much all of them are going to break your heart, but you can't give up because if you give up, you'll never find your soulmate. You'll never find that half who makes you whole and that goes for everything. Just because you fail once, doesn't mean you're gonna fail at everything. Keep trying, hold on, and always, always, always believe in yourself, because if you don't, then who will, sweetie? So keep your head high, keep your chin up, and most importantly, keep smiling, because life's a beautiful thing and there's so much to smile about.\u201d"}
2018-12-27 16:23:41 [scrapy.core.scraper] DEBUG: Scraped from <200 http://quotes.toscrape.com/page/2/>
{'author': u'J.K. Rowling',
 'tags': [u'courage', u'friends'],
 'text': u'\u201cIt takes a great deal of bravery to stand up to our enemies, but just as much to stand up to our friends.\u201d'}
2018-12-27 16:23:41 [scrapy.core.scraper] DEBUG: Scraped from <200 http://quotes.toscrape.com/page/2/>
{'author': u'Albert Einstein',
 'tags': [u'simplicity', u'understand'],
 'text': u"\u201cIf you can't explain it to a six year old, you don't understand it yourself.\u201d"}
2018-12-27 16:23:41 [scrapy.core.scraper] DEBUG: Scraped from <200 http://quotes.toscrape.com/page/2/>
{'author': u'Bob Marley',
 'tags': [u'love'],
 'text': u"\u201cYou may not be her first, her last, or her only. She loved before she may love again. But if she loves you now, what else matters? She's not perfect\u2014you aren't either, and the two of you may never be perfect together but if she can make you laugh, cause you to think twice, and admit to being human and making mistakes, hold onto her and give her the most you can. She may not be thinking about you every second of the day, but she will give you a part of her that she knows you can break\u2014her heart. So don't hurt her, don't change her, don't analyze and don't expect more than she can give. Smile when she makes you happy, let her know when she makes you mad, and miss her when she's not there.\u201d"}
2018-12-27 16:23:41 [scrapy.core.scraper] DEBUG: Scraped from <200 http://quotes.toscrape.com/page/2/>
{'author': u'Dr. Seuss',
 'tags': [u'fantasy'],
 'text': u'\u201cI like nonsense, it wakes up the brain cells. Fantasy is a necessary ingredient in living.\u201d'}
2018-12-27 16:23:41 [scrapy.core.scraper] DEBUG: Scraped from <200 http://quotes.toscrape.com/page/2/>
{'author': u'Douglas Adams',
 'tags': [u'life', u'navigation'],
 'text': u'\u201cI may not have gone where I intended to go, but I think I have ended up where I needed to be.\u201d'}
2018-12-27 16:23:41 [scrapy.core.scraper] DEBUG: Scraped from <200 http://quotes.toscrape.com/page/2/>
{'author': u'Elie Wiesel',
 'tags': [u'activism',
          u'apathy',
          u'hate',
          u'indifference',
          u'inspirational',
          u'love',
          u'opposite',
          u'philosophy'],
 'text': u"\u201cThe opposite of love is not hate, it's indifference. The opposite of art is not ugliness, it's indifference. The opposite of faith is not heresy, it's indifference. And the opposite of life is not death, it's indifference.\u201d"}
2018-12-27 16:23:41 [scrapy.core.scraper] DEBUG: Scraped from <200 http://quotes.toscrape.com/page/2/>
{'author': u'Friedrich Nietzsche',
 'tags': [u'friendship',
          u'lack-of-friendship',
          u'lack-of-love',
          u'love',
          u'marriage',
          u'unhappy-marriage'],
 'text': u'\u201cIt is not a lack of love, but a lack of friendship that makes unhappy marriages.\u201d'}
2018-12-27 16:23:41 [scrapy.core.scraper] DEBUG: Scraped from <200 http://quotes.toscrape.com/page/2/>
{'author': u'Mark Twain',
 'tags': [u'books', u'contentment', u'friends', u'friendship', u'life'],
 'text': u'\u201cGood friends, good books, and a sleepy conscience: this is the ideal life.\u201d'}
2018-12-27 16:23:41 [scrapy.core.scraper] DEBUG: Scraped from <200 http://quotes.toscrape.com/page/2/>
{'author': u'Allen Saunders',
 'tags': [u'fate',
          u'life',
          u'misattributed-john-lennon',
          u'planning',
          u'plans'],
 'text': u'\u201cLife is what happens to us while we are making other plans.\u201d'}
2018-12-27 16:23:45 [scrapy.core.engine] DEBUG: Crawled (200) <GET http://quotes.toscrape.com/page/3/> (referer: http://quotes.toscrape.com/page/2/)
2018-12-27 16:23:45 [scrapy.core.scraper] DEBUG: Scraped from <200 http://quotes.toscrape.com/page/3/>
{'author': u'Pablo Neruda',
 'tags': [u'love', u'poetry'],
 'text': u'\u201cI love you without knowing how, or when, or from where. I love you simply, without problems or pride: I love you in this way because I do not know any other way of loving but this, in which there is no I or you, so intimate that your hand upon my chest is my hand, so intimate that when I fall asleep your eyes close.\u201d'}
2018-12-27 16:23:45 [scrapy.core.scraper] DEBUG: Scraped from <200 http://quotes.toscrape.com/page/3/>
{'author': u'Ralph Waldo Emerson',
 'tags': [u'happiness'],
 'text': u'\u201cFor every minute you are angry you lose sixty seconds of happiness.\u201d'}
2018-12-27 16:23:45 [scrapy.core.scraper] DEBUG: Scraped from <200 http://quotes.toscrape.com/page/3/>
{'author': u'Mother Teresa',
 'tags': [u'attributed-no-source'],
 'text': u'\u201cIf you judge people, you have no time to love them.\u201d'}
2018-12-27 16:23:45 [scrapy.core.scraper] DEBUG: Scraped from <200 http://quotes.toscrape.com/page/3/>
{'author': u'Garrison Keillor',
 'tags': [u'humor', u'religion'],
 'text': u'\u201cAnyone who thinks sitting in church can make you a Christian must also think that sitting in a garage can make you a car.\u201d'}
2018-12-27 16:23:45 [scrapy.core.scraper] DEBUG: Scraped from <200 http://quotes.toscrape.com/page/3/>
{'author': u'Jim Henson',
 'tags': [u'humor'],
 'text': u'\u201cBeauty is in the eye of the beholder and it may be necessary from time to time to give a stupid or misinformed beholder a black eye.\u201d'}
2018-12-27 16:23:45 [scrapy.core.scraper] DEBUG: Scraped from <200 http://quotes.toscrape.com/page/3/>
{'author': u'Dr. Seuss',
 'tags': [u'comedy', u'life', u'yourself'],
 'text': u'\u201cToday you are You, that is truer than true. There is no one alive who is Youer than You.\u201d'}
2018-12-27 16:23:45 [scrapy.core.scraper] DEBUG: Scraped from <200 http://quotes.toscrape.com/page/3/>
{'author': u'Albert Einstein',
 'tags': [u'children', u'fairy-tales'],
 'text': u'\u201cIf you want your children to be intelligent, read them fairy tales. If you want them to be more intelligent, read them more fairy tales.\u201d'}
2018-12-27 16:23:45 [scrapy.core.scraper] DEBUG: Scraped from <200 http://quotes.toscrape.com/page/3/>
{'author': u'J.K. Rowling',
 'tags': [],
 'text': u'\u201cIt is impossible to live without failing at something, unless you live so cautiously that you might as well not have lived at all - in which case, you fail by default.\u201d'}
2018-12-27 16:23:45 [scrapy.core.scraper] DEBUG: Scraped from <200 http://quotes.toscrape.com/page/3/>
{'author': u'Albert Einstein',
 'tags': [u'imagination'],
 'text': u'\u201cLogic will get you from A to Z; imagination will get you everywhere.\u201d'}
2018-12-27 16:23:45 [scrapy.core.scraper] DEBUG: Scraped from <200 http://quotes.toscrape.com/page/3/>
{'author': u'Bob Marley',
 'tags': [u'music'],
 'text': u'\u201cOne good thing about music, when it hits you, you feel no pain.\u201d'}
2018-12-27 16:23:49 [scrapy.core.engine] DEBUG: Crawled (200) <GET http://quotes.toscrape.com/page/4/> (referer: http://quotes.toscrape.com/page/3/)
2018-12-27 16:23:49 [scrapy.core.scraper] DEBUG: Scraped from <200 http://quotes.toscrape.com/page/4/>
{'author': u'Dr. Seuss',
 'tags': [u'learning', u'reading', u'seuss'],
 'text': u"\u201cThe more that you read, the more things you will know. The more that you learn, the more places you'll go.\u201d"}
2018-12-27 16:23:49 [scrapy.core.scraper] DEBUG: Scraped from <200 http://quotes.toscrape.com/page/4/>
{'author': u'J.K. Rowling',
 'tags': [u'dumbledore'],
 'text': u'\u201cOf course it is happening inside your head, Harry, but why on earth should that mean that it is not real?\u201d'}
2018-12-27 16:23:49 [scrapy.core.scraper] DEBUG: Scraped from <200 http://quotes.toscrape.com/page/4/>
{'author': u'Bob Marley',
 'tags': [u'friendship'],
 'text': u'\u201cThe truth is, everyone is going to hurt you. You just got to find the ones worth suffering for.\u201d'}
2018-12-27 16:23:49 [scrapy.core.scraper] DEBUG: Scraped from <200 http://quotes.toscrape.com/page/4/>
{'author': u'Mother Teresa',
 'tags': [u'misattributed-to-mother-teresa', u'paraphrased'],
 'text': u'\u201cNot all of us can do great things. But we can do small things with great love.\u201d'}
2018-12-27 16:23:49 [scrapy.core.scraper] DEBUG: Scraped from <200 http://quotes.toscrape.com/page/4/>
{'author': u'J.K. Rowling',
 'tags': [u'death', u'inspirational'],
 'text': u'\u201cTo the well-organized mind, death is but the next great adventure.\u201d'}
2018-12-27 16:23:49 [scrapy.core.scraper] DEBUG: Scraped from <200 http://quotes.toscrape.com/page/4/>
{'author': u'Charles M. Schulz',
 'tags': [u'chocolate', u'food', u'humor'],
 'text': u"\u201cAll you need is love. But a little chocolate now and then doesn't hurt.\u201d"}
2018-12-27 16:23:49 [scrapy.core.scraper] DEBUG: Scraped from <200 http://quotes.toscrape.com/page/4/>
{'author': u'William Nicholson',
 'tags': [u'misattributed-to-c-s-lewis', u'reading'],
 'text': u"\u201cWe read to know we're not alone.\u201d"}
2018-12-27 16:23:49 [scrapy.core.scraper] DEBUG: Scraped from <200 http://quotes.toscrape.com/page/4/>
{'author': u'Albert Einstein',
 'tags': [u'knowledge', u'learning', u'understanding', u'wisdom'],
 'text': u'\u201cAny fool can know. The point is to understand.\u201d'}
2018-12-27 16:23:49 [scrapy.core.scraper] DEBUG: Scraped from <200 http://quotes.toscrape.com/page/4/>
{'author': u'Jorge Luis Borges',
 'tags': [u'books', u'library'],
 'text': u'\u201cI have always imagined that Paradise will be a kind of library.\u201d'}
2018-12-27 16:23:49 [scrapy.core.scraper] DEBUG: Scraped from <200 http://quotes.toscrape.com/page/4/>
{'author': u'George Eliot',
 'tags': [u'inspirational'],
 'text': u'\u201cIt is never too late to be what you might have been.\u201d'}
2018-12-27 16:23:51 [scrapy.core.engine] DEBUG: Crawled (200) <GET http://quotes.toscrape.com/page/5/> (referer: http://quotes.toscrape.com/page/4/)
2018-12-27 16:23:52 [scrapy.core.scraper] DEBUG: Scraped from <200 http://quotes.toscrape.com/page/5/>
{'author': u'George R.R. Martin',
 'tags': [u'read', u'readers', u'reading', u'reading-books'],
 'text': u'\u201cA reader lives a thousand lives before he dies, said Jojen. The man who never reads lives only one.\u201d'}
2018-12-27 16:23:52 [scrapy.core.scraper] DEBUG: Scraped from <200 http://quotes.toscrape.com/page/5/>
{'author': u'C.S. Lewis',
 'tags': [u'books', u'inspirational', u'reading', u'tea'],
 'text': u'\u201cYou can never get a cup of tea large enough or a book long enough to suit me.\u201d'}
2018-12-27 16:23:52 [scrapy.core.scraper] DEBUG: Scraped from <200 http://quotes.toscrape.com/page/5/>
{'author': u'Marilyn Monroe',
 'tags': [],
 'text': u'\u201cYou believe lies so you eventually learn to trust no one but yourself.\u201d'}
2018-12-27 16:23:52 [scrapy.core.scraper] DEBUG: Scraped from <200 http://quotes.toscrape.com/page/5/>
{'author': u'Marilyn Monroe',
 'tags': [u'girls', u'love'],
 'text': u'\u201cIf you can make a woman laugh, you can make her do anything.\u201d'}
2018-12-27 16:23:52 [scrapy.core.scraper] DEBUG: Scraped from <200 http://quotes.toscrape.com/page/5/>
{'author': u'Albert Einstein',
 'tags': [u'life', u'simile'],
 'text': u'\u201cLife is like riding a bicycle. To keep your balance, you must keep moving.\u201d'}
2018-12-27 16:23:52 [scrapy.core.scraper] DEBUG: Scraped from <200 http://quotes.toscrape.com/page/5/>
{'author': u'Marilyn Monroe',
 'tags': [u'love'],
 'text': u'\u201cThe real lover is the man who can thrill you by kissing your forehead or smiling into your eyes or just staring into space.\u201d'}
2018-12-27 16:23:52 [scrapy.core.scraper] DEBUG: Scraped from <200 http://quotes.toscrape.com/page/5/>
{'author': u'Marilyn Monroe',
 'tags': [u'attributed-no-source'],
 'text': u"\u201cA wise girl kisses but doesn't love, listens but doesn't believe, and leaves before she is left.\u201d"}
2018-12-27 16:23:52 [scrapy.core.scraper] DEBUG: Scraped from <200 http://quotes.toscrape.com/page/5/>
{'author': u'Martin Luther King Jr.',
 'tags': [u'hope', u'inspirational'],
 'text': u'\u201cOnly in the darkness can you see the stars.\u201d'}
2018-12-27 16:23:52 [scrapy.core.scraper] DEBUG: Scraped from <200 http://quotes.toscrape.com/page/5/>
{'author': u'J.K. Rowling',
 'tags': [u'dumbledore'],
 'text': u'\u201cIt matters not what someone is born, but what they grow to be.\u201d'}
2018-12-27 16:23:52 [scrapy.core.scraper] DEBUG: Scraped from <200 http://quotes.toscrape.com/page/5/>
{'author': u'James Baldwin',
 'tags': [u'love'],
 'text': u'\u201cLove does not begin and end the way we seem to think it does. Love is a battle, love is a war; love is a growing up.\u201d'}
2018-12-27 16:23:54 [scrapy.core.engine] DEBUG: Crawled (200) <GET http://quotes.toscrape.com/page/6/> (referer: http://quotes.toscrape.com/page/5/)
2018-12-27 16:23:54 [scrapy.core.scraper] DEBUG: Scraped from <200 http://quotes.toscrape.com/page/6/>
{'author': u'Jane Austen',
 'tags': [u'friendship', u'love'],
 'text': u'\u201cThere is nothing I would not do for those who are really my friends. I have no notion of loving people by halves, it is not my nature.\u201d'}
2018-12-27 16:23:54 [scrapy.core.scraper] DEBUG: Scraped from <200 http://quotes.toscrape.com/page/6/>
{'author': u'Eleanor Roosevelt',
 'tags': [u'attributed', u'fear', u'inspiration'],
 'text': u'\u201cDo one thing every day that scares you.\u201d'}
2018-12-27 16:23:54 [scrapy.core.scraper] DEBUG: Scraped from <200 http://quotes.toscrape.com/page/6/>
{'author': u'Marilyn Monroe',
 'tags': [u'attributed-no-source'],
 'text': u'\u201cI am good, but not an angel. I do sin, but I am not the devil. I am just a small girl in a big world trying to find someone to love.\u201d'}
2018-12-27 16:23:54 [scrapy.core.scraper] DEBUG: Scraped from <200 http://quotes.toscrape.com/page/6/>
{'author': u'Albert Einstein',
 'tags': [u'music'],
 'text': u'\u201cIf I were not a physicist, I would probably be a musician. I often think in music. I live my daydreams in music. I see my life in terms of music.\u201d'}
2018-12-27 16:23:54 [scrapy.core.scraper] DEBUG: Scraped from <200 http://quotes.toscrape.com/page/6/>
{'author': u'Haruki Murakami',
 'tags': [u'books', u'thought'],
 'text': u'\u201cIf you only read the books that everyone else is reading, you can only think what everyone else is thinking.\u201d'}
2018-12-27 16:23:54 [scrapy.core.scraper] DEBUG: Scraped from <200 http://quotes.toscrape.com/page/6/>
{'author': u'Alexandre Dumas fils',
 'tags': [u'misattributed-to-einstein'],
 'text': u'\u201cThe difference between genius and stupidity is: genius has its limits.\u201d'}
2018-12-27 16:23:54 [scrapy.core.scraper] DEBUG: Scraped from <200 http://quotes.toscrape.com/page/6/>
{'author': u'Stephenie Meyer',
 'tags': [u'drug', u'romance', u'simile'],
 'text': u"\u201cHe's like a drug for you, Bella.\u201d"}
2018-12-27 16:23:54 [scrapy.core.scraper] DEBUG: Scraped from <200 http://quotes.toscrape.com/page/6/>
{'author': u'Ernest Hemingway',
 'tags': [u'books', u'friends', u'novelist-quotes'],
 'text': u'\u201cThere is no friend as loyal as a book.\u201d'}
2018-12-27 16:23:54 [scrapy.core.scraper] DEBUG: Scraped from <200 http://quotes.toscrape.com/page/6/>
{'author': u'Helen Keller',
 'tags': [u'inspirational'],
 'text': u'\u201cWhen one door of happiness closes, another opens; but often we look so long at the closed door that we do not see the one which has been opened for us.\u201d'}
2018-12-27 16:23:54 [scrapy.core.scraper] DEBUG: Scraped from <200 http://quotes.toscrape.com/page/6/>
{'author': u'George Bernard Shaw',
 'tags': [u'inspirational', u'life', u'yourself'],
 'text': u"\u201cLife isn't about finding yourself. Life is about creating yourself.\u201d"}
2018-12-27 16:23:58 [scrapy.core.engine] DEBUG: Crawled (200) <GET http://quotes.toscrape.com/page/7/> (referer: http://quotes.toscrape.com/page/6/)
2018-12-27 16:23:59 [scrapy.core.scraper] DEBUG: Scraped from <200 http://quotes.toscrape.com/page/7/>
{'author': u'Charles Bukowski',
 'tags': [u'alcohol'],
 'text': u"\u201cThat's the problem with drinking, I thought, as I poured myself a drink. If something bad happens you drink in an attempt to forget; if something good happens you drink in order to celebrate; and if nothing happens you drink to make something happen.\u201d"}
2018-12-27 16:23:59 [scrapy.core.scraper] DEBUG: Scraped from <200 http://quotes.toscrape.com/page/7/>
{'author': u'Suzanne Collins',
 'tags': [u'the-hunger-games'],
 'text': u'\u201cYou don\u2019t forget the face of the person who was your last hope.\u201d'}
2018-12-27 16:23:59 [scrapy.core.scraper] DEBUG: Scraped from <200 http://quotes.toscrape.com/page/7/>
{'author': u'Suzanne Collins',
 'tags': [u'humor'],
 'text': u"\u201cRemember, we're madly in love, so it's all right to kiss me anytime you feel like it.\u201d"}
2018-12-27 16:23:59 [scrapy.core.scraper] DEBUG: Scraped from <200 http://quotes.toscrape.com/page/7/>
{'author': u'C.S. Lewis',
 'tags': [u'love'],
 'text': u'\u201cTo love at all is to be vulnerable. Love anything and your heart will be wrung and possibly broken. If you want to make sure of keeping it intact you must give it to no one, not even an animal. Wrap it carefully round with hobbies and little luxuries; avoid all entanglements. Lock it up safe in the casket or coffin of your selfishness. But in that casket, safe, dark, motionless, airless, it will change. It will not be broken; it will become unbreakable, impenetrable, irredeemable. To love is to be vulnerable.\u201d'}
2018-12-27 16:23:59 [scrapy.core.scraper] DEBUG: Scraped from <200 http://quotes.toscrape.com/page/7/>
{'author': u'J.R.R. Tolkien',
 'tags': [u'bilbo', u'journey', u'lost', u'quest', u'travel', u'wander'],
 'text': u'\u201cNot all those who wander are lost.\u201d'}
2018-12-27 16:23:59 [scrapy.core.scraper] DEBUG: Scraped from <200 http://quotes.toscrape.com/page/7/>
{'author': u'J.K. Rowling',
 'tags': [u'live-death-love'],
 'text': u'\u201cDo not pity the dead, Harry. Pity the living, and, above all those who live without love.\u201d'}
2018-12-27 16:23:59 [scrapy.core.scraper] DEBUG: Scraped from <200 http://quotes.toscrape.com/page/7/>
{'author': u'Ernest Hemingway',
 'tags': [u'good', u'writing'],
 'text': u'\u201cThere is nothing to writing. All you do is sit down at a typewriter and bleed.\u201d'}
2018-12-27 16:23:59 [scrapy.core.scraper] DEBUG: Scraped from <200 http://quotes.toscrape.com/page/7/>
{'author': u'Ralph Waldo Emerson',
 'tags': [u'life', u'regrets'],
 'text': u'\u201cFinish each day and be done with it. You have done what you could. Some blunders and absurdities no doubt crept in; forget them as soon as you can. Tomorrow is a new day. You shall begin it serenely and with too high a spirit to be encumbered with your old nonsense.\u201d'}
2018-12-27 16:23:59 [scrapy.core.scraper] DEBUG: Scraped from <200 http://quotes.toscrape.com/page/7/>
{'author': u'Mark Twain',
 'tags': [u'education'],
 'text': u'\u201cI have never let my schooling interfere with my education.\u201d'}
2018-12-27 16:23:59 [scrapy.core.scraper] DEBUG: Scraped from <200 http://quotes.toscrape.com/page/7/>
{'author': u'Dr. Seuss',
 'tags': [u'troubles'],
 'text': u"\u201cI have heard there are troubles of more than one kind. Some come from ahead and some come from behind. But I've bought a big bat. I'm all ready you see. Now my troubles are going to have troubles with me!\u201d"}
2018-12-27 16:24:02 [scrapy.core.engine] DEBUG: Crawled (200) <GET http://quotes.toscrape.com/page/8/> (referer: http://quotes.toscrape.com/page/7/)
2018-12-27 16:24:02 [scrapy.core.scraper] DEBUG: Scraped from <200 http://quotes.toscrape.com/page/8/>
{'author': u'Alfred Tennyson',
 'tags': [u'friendship', u'love'],
 'text': u'\u201cIf I had a flower for every time I thought of you...I could walk through my garden forever.\u201d'}
2018-12-27 16:24:02 [scrapy.core.scraper] DEBUG: Scraped from <200 http://quotes.toscrape.com/page/8/>
{'author': u'Charles Bukowski',
 'tags': [u'humor'],
 'text': u'\u201cSome people never go crazy. What truly horrible lives they must lead.\u201d'}
2018-12-27 16:24:02 [scrapy.core.scraper] DEBUG: Scraped from <200 http://quotes.toscrape.com/page/8/>
{'author': u'Terry Pratchett',
 'tags': [u'humor', u'open-mind', u'thinking'],
 'text': u'\u201cThe trouble with having an open mind, of course, is that people will insist on coming along and trying to put things in it.\u201d'}
2018-12-27 16:24:02 [scrapy.core.scraper] DEBUG: Scraped from <200 http://quotes.toscrape.com/page/8/>
{'author': u'Dr. Seuss',
 'tags': [u'humor', u'philosophy'],
 'text': u'\u201cThink left and think right and think low and think high. Oh, the thinks you can think up if only you try!\u201d'}
2018-12-27 16:24:02 [scrapy.core.scraper] DEBUG: Scraped from <200 http://quotes.toscrape.com/page/8/>
{'author': u'J.D. Salinger',
 'tags': [u'authors', u'books', u'literature', u'reading', u'writing'],
 'text': u"\u201cWhat really knocks me out is a book that, when you're all done reading it, you wish the author that wrote it was a terrific friend of yours and you could call him up on the phone whenever you felt like it. That doesn't happen much, though.\u201d"}
2018-12-27 16:24:02 [scrapy.core.scraper] DEBUG: Scraped from <200 http://quotes.toscrape.com/page/8/>
{'author': u'George Carlin',
 'tags': [u'humor',
          u'insanity',
          u'lies',
          u'lying',
          u'self-indulgence',
          u'truth'],
 'text': u'\u201cThe reason I talk to myself is because I\u2019m the only one whose answers I accept.\u201d'}
2018-12-27 16:24:02 [scrapy.core.scraper] DEBUG: Scraped from <200 http://quotes.toscrape.com/page/8/>
{'author': u'John Lennon',
 'tags': [u'beatles',
          u'connection',
          u'dreamers',
          u'dreaming',
          u'dreams',
          u'hope',
          u'inspirational',
          u'peace'],
 'text': u"\u201cYou may say I'm a dreamer, but I'm not the only one. I hope someday you'll join us. And the world will live as one.\u201d"}
2018-12-27 16:24:02 [scrapy.core.scraper] DEBUG: Scraped from <200 http://quotes.toscrape.com/page/8/>
{'author': u'W.C. Fields',
 'tags': [u'humor', u'sinister'],
 'text': u'\u201cI am free of all prejudice. I hate everyone equally. \u201d'}
2018-12-27 16:24:02 [scrapy.core.scraper] DEBUG: Scraped from <200 http://quotes.toscrape.com/page/8/>
{'author': u'Ayn Rand',
 'tags': [],
 'text': u"\u201cThe question isn't who is going to let me; it's who is going to stop me.\u201d"}
2018-12-27 16:24:02 [scrapy.core.scraper] DEBUG: Scraped from <200 http://quotes.toscrape.com/page/8/>
{'author': u'Mark Twain',
 'tags': [u'books', u'classic', u'reading'],
 'text': u"\u201c\u2032Classic\u2032 - a book which people praise and don't read.\u201d"}
2018-12-27 16:24:04 [scrapy.core.engine] DEBUG: Crawled (200) <GET http://quotes.toscrape.com/page/9/> (referer: http://quotes.toscrape.com/page/8/)
2018-12-27 16:24:04 [scrapy.core.scraper] DEBUG: Scraped from <200 http://quotes.toscrape.com/page/9/>
{'author': u'Albert Einstein',
 'tags': [u'mistakes'],
 'text': u'\u201cAnyone who has never made a mistake has never tried anything new.\u201d'}
2018-12-27 16:24:04 [scrapy.core.scraper] DEBUG: Scraped from <200 http://quotes.toscrape.com/page/9/>
{'author': u'Jane Austen',
 'tags': [u'humor', u'love', u'romantic', u'women'],
 'text': u"\u201cA lady's imagination is very rapid; it jumps from admiration to love, from love to matrimony in a moment.\u201d"}
2018-12-27 16:24:04 [scrapy.core.scraper] DEBUG: Scraped from <200 http://quotes.toscrape.com/page/9/>
{'author': u'J.K. Rowling',
 'tags': [u'integrity'],
 'text': u'\u201cRemember, if the time should come when you have to make a choice between what is right and what is easy, remember what happened to a boy who was good, and kind, and brave, because he strayed across the path of Lord Voldemort. Remember Cedric Diggory.\u201d'}
2018-12-27 16:24:04 [scrapy.core.scraper] DEBUG: Scraped from <200 http://quotes.toscrape.com/page/9/>
{'author': u'Jane Austen',
 'tags': [u'books', u'library', u'reading'],
 'text': u'\u201cI declare after all there is no enjoyment like reading! How much sooner one tires of any thing than of a book! -- When I have a house of my own, I shall be miserable if I have not an excellent library.\u201d'}
2018-12-27 16:24:04 [scrapy.core.scraper] DEBUG: Scraped from <200 http://quotes.toscrape.com/page/9/>
{'author': u'Jane Austen',
 'tags': [u'elizabeth-bennet', u'jane-austen'],
 'text': u'\u201cThere are few people whom I really love, and still fewer of whom I think well. The more I see of the world, the more am I dissatisfied with it; and every day confirms my belief of the inconsistency of all human characters, and of the little dependence that can be placed on the appearance of merit or sense.\u201d'}
2018-12-27 16:24:04 [scrapy.core.scraper] DEBUG: Scraped from <200 http://quotes.toscrape.com/page/9/>
{'author': u'C.S. Lewis',
 'tags': [u'age', u'fairytales', u'growing-up'],
 'text': u'\u201cSome day you will be old enough to start reading fairy tales again.\u201d'}
2018-12-27 16:24:04 [scrapy.core.scraper] DEBUG: Scraped from <200 http://quotes.toscrape.com/page/9/>
{'author': u'C.S. Lewis',
 'tags': [u'god'],
 'text': u'\u201cWe are not necessarily doubting that God will do the best for us; we are wondering how painful the best will turn out to be.\u201d'}
2018-12-27 16:24:04 [scrapy.core.scraper] DEBUG: Scraped from <200 http://quotes.toscrape.com/page/9/>
{'author': u'Mark Twain',
 'tags': [u'death', u'life'],
 'text': u'\u201cThe fear of death follows from the fear of life. A man who lives fully is prepared to die at any time.\u201d'}
2018-12-27 16:24:04 [scrapy.core.scraper] DEBUG: Scraped from <200 http://quotes.toscrape.com/page/9/>
{'author': u'Mark Twain',
 'tags': [u'misattributed-mark-twain', u'truth'],
 'text': u'\u201cA lie can travel half way around the world while the truth is putting on its shoes.\u201d'}
2018-12-27 16:24:04 [scrapy.core.scraper] DEBUG: Scraped from <200 http://quotes.toscrape.com/page/9/>
{'author': u'C.S. Lewis',
 'tags': [u'christianity', u'faith', u'religion', u'sun'],
 'text': u'\u201cI believe in Christianity as I believe that the sun has risen: not only because I see it, but because by it I see everything else.\u201d'}
2018-12-27 16:24:08 [scrapy.core.engine] DEBUG: Crawled (200) <GET http://quotes.toscrape.com/page/10/> (referer: http://quotes.toscrape.com/page/9/)
2018-12-27 16:24:08 [scrapy.core.scraper] DEBUG: Scraped from <200 http://quotes.toscrape.com/page/10/>
{'author': u'J.K. Rowling',
 'tags': [u'truth'],
 'text': u'\u201cThe truth." Dumbledore sighed. "It is a beautiful and terrible thing, and should therefore be treated with great caution.\u201d'}
2018-12-27 16:24:08 [scrapy.core.scraper] DEBUG: Scraped from <200 http://quotes.toscrape.com/page/10/>
{'author': u'Jimi Hendrix',
 'tags': [u'death', u'life'],
 'text': u"\u201cI'm the one that's got to die when it's time for me to die, so let me live my life the way I want to.\u201d"}
2018-12-27 16:24:08 [scrapy.core.scraper] DEBUG: Scraped from <200 http://quotes.toscrape.com/page/10/>
{'author': u'J.M. Barrie',
 'tags': [u'adventure', u'love'],
 'text': u'\u201cTo die will be an awfully big adventure.\u201d'}
2018-12-27 16:24:08 [scrapy.core.scraper] DEBUG: Scraped from <200 http://quotes.toscrape.com/page/10/>
{'author': u'E.E. Cummings',
 'tags': [u'courage'],
 'text': u'\u201cIt takes courage to grow up and become who you really are.\u201d'}
2018-12-27 16:24:08 [scrapy.core.scraper] DEBUG: Scraped from <200 http://quotes.toscrape.com/page/10/>
{'author': u'Khaled Hosseini',
 'tags': [u'life'],
 'text': u'\u201cBut better to get hurt by the truth than comforted with a lie.\u201d'}
2018-12-27 16:24:08 [scrapy.core.scraper] DEBUG: Scraped from <200 http://quotes.toscrape.com/page/10/>
{'author': u'Harper Lee',
 'tags': [u'better-life-empathy'],
 'text': u'\u201cYou never really understand a person until you consider things from his point of view... Until you climb inside of his skin and walk around in it.\u201d'}
2018-12-27 16:24:08 [scrapy.core.scraper] DEBUG: Scraped from <200 http://quotes.toscrape.com/page/10/>
{'author': u"Madeleine L'Engle",
 'tags': [u'books',
          u'children',
          u'difficult',
          u'grown-ups',
          u'write',
          u'writers',
          u'writing'],
 'text': u'\u201cYou have to write the book that wants to be written. And if the book will be too difficult for grown-ups, then you write it for children.\u201d'}
2018-12-27 16:24:08 [scrapy.core.scraper] DEBUG: Scraped from <200 http://quotes.toscrape.com/page/10/>
{'author': u'Mark Twain',
 'tags': [u'truth'],
 'text': u'\u201cNever tell the truth to people who are not worthy of it.\u201d'}
2018-12-27 16:24:08 [scrapy.core.scraper] DEBUG: Scraped from <200 http://quotes.toscrape.com/page/10/>
{'author': u'Dr. Seuss',
 'tags': [u'inspirational'],
 'text': u"\u201cA person's a person, no matter how small.\u201d"}
2018-12-27 16:24:08 [scrapy.core.scraper] DEBUG: Scraped from <200 http://quotes.toscrape.com/page/10/>
{'author': u'George R.R. Martin',
 'tags': [u'books', u'mind'],
 'text': u'\u201c... a mind needs books as a sword needs a whetstone, if it is to keep its edge.\u201d'}
2018-12-27 16:24:08 [scrapy.core.engine] INFO: Closing spider (finished)
2018-12-27 16:24:08 [scrapy.extensions.feedexport] INFO: Stored csv feed (100 items) in: ../data_quotes/quotesspider2018-12-27T15-23-33.csv
2018-12-27 16:24:08 [scrapy.statscollectors] INFO: Dumping Scrapy stats:
{'downloader/request_bytes': 3332,
 'downloader/request_count': 11,
 'downloader/request_method_count/GET': 11,
 'downloader/response_bytes': 24812,
 'downloader/response_count': 11,
 'downloader/response_status_count/200': 10,
 'downloader/response_status_count/404': 1,
 'finish_reason': 'finished',
 'finish_time': datetime.datetime(2018, 12, 27, 15, 24, 8, 811260),
 'item_scraped_count': 100,
 'log_count/DEBUG': 112,
 'log_count/INFO': 8,
 'memusage/max': 51728384,
 'memusage/startup': 51728384,
 'request_depth_max': 9,
 'response_received_count': 11,
 'scheduler/dequeued': 10,
 'scheduler/dequeued/memory': 10,
 'scheduler/enqueued': 10,
 'scheduler/enqueued/memory': 10,
 'start_time': datetime.datetime(2018, 12, 27, 15, 23, 33, 545895)}
2018-12-27 16:24:08 [scrapy.core.engine] INFO: Spider closed (finished)
